<?xml version="1.0" encoding="UTF-8"?>
<!-- Generated by org.testng.reporters.JUnitReportReporter -->
<testsuite hostname="woong" failures="0" tests="1" name="tests.ErrorValidation" time="5.420" errors="0" timestamp="2024-02-05T15:45:06 MST" skipped="0">
  <testcase classname="tests.ErrorValidation" name="errorValid" time="5.420"/>
</testsuite> <!-- tests.ErrorValidation -->
