<?xml version="1.0" encoding="UTF-8"?>
<!-- Generated by org.testng.reporters.JUnitReportReporter -->
<testsuite hostname="woong" failures="0" tests="1" name="tests.ErrorValidation" time="6.962" errors="0" timestamp="2024-03-21T12:59:10 MDT" skipped="0">
  <testcase classname="tests.ErrorValidation" name="errorValid" time="6.962"/>
</testsuite> <!-- tests.ErrorValidation -->
