<?xml version="1.0" encoding="UTF-8"?>
<!-- Generated by org.testng.reporters.JUnitReportReporter -->
<testsuite hostname="woong" failures="0" tests="2" name="tests.TestPractice" time="24.024" errors="0" timestamp="2024-03-21T11:45:55 MDT" skipped="0">
  <testcase classname="tests.TestPractice" name="practiceTest" time="11.485"/>
  <testcase classname="tests.TestPractice" name="practiceTest" time="12.539"/>
</testsuite> <!-- tests.TestPractice -->
